info it worked if it ends with ok
verbose cli [ 'node', '/usr/bin/npm', 'install' ]
info using npm@1.1.4
info using node@v0.6.12
verbose config file /home/nikita/.npmrc
verbose config file /usr/etc/npmrc
verbose config file /usr/share/npm/npmrc
verbose caching /home/nikita/react-isomorphic-seed/package.json
verbose loadDefaults React-Isomorphic-Seed@1.0.0
verbose readDependencies: using package.json deps
verbose where, deps [ '/home/nikita/react-isomorphic-seed',
verbose where, deps   [ 'alt',
verbose where, deps     'babel',
verbose where, deps     'body-parser',
verbose where, deps     'cookie-parser',
verbose where, deps     'express',
verbose where, deps     'express-session',
verbose where, deps     'iso',
verbose where, deps     'jade',
verbose where, deps     'moment',
verbose where, deps     'react',
verbose where, deps     'react-router',
verbose where, deps     'superagent',
verbose where, deps     'browserify',
verbose where, deps     'gulp',
verbose where, deps     'gulp-nodemon',
verbose where, deps     'nodemon',
verbose where, deps     'reactify',
verbose where, deps     'vinyl-buffer',
verbose where, deps     'vinyl-source-stream' ] ]
verbose from cache /home/nikita/react-isomorphic-seed/package.json
info preinstall React-Isomorphic-Seed@1.0.0
verbose from cache /home/nikita/react-isomorphic-seed/package.json
verbose readDependencies: using package.json deps
verbose cache add [ 'alt@^0.14.5', null ]
silly cache add: name, spec, args [ undefined, 'alt@^0.14.5', [ 'alt@^0.14.5', null ] ]
verbose parsed url { pathname: 'alt@^0.14.5',
verbose parsed url   path: 'alt@^0.14.5',
verbose parsed url   href: 'alt@^0.14.5' }
silly cache add: name, spec, args [ 'alt', '^0.14.5', [ 'alt', '^0.14.5' ] ]
verbose parsed url { pathname: '^0.14.5', path: '^0.14.5', href: '^0.14.5' }
verbose addNamed [ 'alt', '^0.14.5' ]
verbose addNamed [ null, null ]
info addNameTag [ 'alt', '^0.14.5' ]
verbose raw, before any munging alt
verbose url resolving [ 'https://registry.npmjs.org/', './alt' ]
verbose url resolved https://registry.npmjs.org/alt
http GET https://registry.npmjs.org/alt
verbose cache add [ 'babel@^4.7.16', null ]
silly cache add: name, spec, args [ undefined, 'babel@^4.7.16', [ 'babel@^4.7.16', null ] ]
verbose parsed url { pathname: 'babel@^4.7.16',
verbose parsed url   path: 'babel@^4.7.16',
verbose parsed url   href: 'babel@^4.7.16' }
silly cache add: name, spec, args [ 'babel', '^4.7.16', [ 'babel', '^4.7.16' ] ]
verbose parsed url { pathname: '^4.7.16', path: '^4.7.16', href: '^4.7.16' }
verbose addNamed [ 'babel', '^4.7.16' ]
verbose addNamed [ null, null ]
info addNameTag [ 'babel', '^4.7.16' ]
verbose cache add [ 'body-parser@^1.12.3', null ]
silly cache add: name, spec, args [ undefined,
silly cache add: name, spec, args   'body-parser@^1.12.3',
silly cache add: name, spec, args   [ 'body-parser@^1.12.3', null ] ]
verbose parsed url { pathname: 'body-parser@^1.12.3',
verbose parsed url   path: 'body-parser@^1.12.3',
verbose parsed url   href: 'body-parser@^1.12.3' }
silly cache add: name, spec, args [ 'body-parser', '^1.12.3', [ 'body-parser', '^1.12.3' ] ]
verbose parsed url { pathname: '^1.12.3', path: '^1.12.3', href: '^1.12.3' }
verbose addNamed [ 'body-parser', '^1.12.3' ]
verbose addNamed [ null, null ]
info addNameTag [ 'body-parser', '^1.12.3' ]
verbose cache add [ 'cookie-parser@^1.3.4', null ]
silly cache add: name, spec, args [ undefined,
silly cache add: name, spec, args   'cookie-parser@^1.3.4',
silly cache add: name, spec, args   [ 'cookie-parser@^1.3.4', null ] ]
verbose parsed url { pathname: 'cookie-parser@^1.3.4',
verbose parsed url   path: 'cookie-parser@^1.3.4',
verbose parsed url   href: 'cookie-parser@^1.3.4' }
silly cache add: name, spec, args [ 'cookie-parser', '^1.3.4', [ 'cookie-parser', '^1.3.4' ] ]
verbose parsed url { pathname: '^1.3.4', path: '^1.3.4', href: '^1.3.4' }
verbose addNamed [ 'cookie-parser', '^1.3.4' ]
verbose addNamed [ null, null ]
info addNameTag [ 'cookie-parser', '^1.3.4' ]
verbose cache add [ 'express@^4.12.3', null ]
silly cache add: name, spec, args [ undefined, 'express@^4.12.3', [ 'express@^4.12.3', null ] ]
verbose parsed url { pathname: 'express@^4.12.3',
verbose parsed url   path: 'express@^4.12.3',
verbose parsed url   href: 'express@^4.12.3' }
silly cache add: name, spec, args [ 'express', '^4.12.3', [ 'express', '^4.12.3' ] ]
verbose parsed url { pathname: '^4.12.3', path: '^4.12.3', href: '^4.12.3' }
verbose addNamed [ 'express', '^4.12.3' ]
verbose addNamed [ null, null ]
info addNameTag [ 'express', '^4.12.3' ]
verbose cache add [ 'express-session@^1.10.4', null ]
silly cache add: name, spec, args [ undefined,
silly cache add: name, spec, args   'express-session@^1.10.4',
silly cache add: name, spec, args   [ 'express-session@^1.10.4', null ] ]
verbose parsed url { pathname: 'express-session@^1.10.4',
verbose parsed url   path: 'express-session@^1.10.4',
verbose parsed url   href: 'express-session@^1.10.4' }
silly cache add: name, spec, args [ 'express-session',
silly cache add: name, spec, args   '^1.10.4',
silly cache add: name, spec, args   [ 'express-session', '^1.10.4' ] ]
verbose parsed url { pathname: '^1.10.4', path: '^1.10.4', href: '^1.10.4' }
verbose addNamed [ 'express-session', '^1.10.4' ]
verbose addNamed [ null, null ]
info addNameTag [ 'express-session', '^1.10.4' ]
verbose cache add [ 'iso@^4.0.2', null ]
silly cache add: name, spec, args [ undefined, 'iso@^4.0.2', [ 'iso@^4.0.2', null ] ]
verbose parsed url { pathname: 'iso@^4.0.2',
verbose parsed url   path: 'iso@^4.0.2',
verbose parsed url   href: 'iso@^4.0.2' }
silly cache add: name, spec, args [ 'iso', '^4.0.2', [ 'iso', '^4.0.2' ] ]
verbose parsed url { pathname: '^4.0.2', path: '^4.0.2', href: '^4.0.2' }
verbose addNamed [ 'iso', '^4.0.2' ]
verbose addNamed [ null, null ]
info addNameTag [ 'iso', '^4.0.2' ]
verbose cache add [ 'jade@^1.9.2', null ]
silly cache add: name, spec, args [ undefined, 'jade@^1.9.2', [ 'jade@^1.9.2', null ] ]
verbose parsed url { pathname: 'jade@^1.9.2',
verbose parsed url   path: 'jade@^1.9.2',
verbose parsed url   href: 'jade@^1.9.2' }
silly cache add: name, spec, args [ 'jade', '^1.9.2', [ 'jade', '^1.9.2' ] ]
verbose parsed url { pathname: '^1.9.2', path: '^1.9.2', href: '^1.9.2' }
verbose addNamed [ 'jade', '^1.9.2' ]
verbose addNamed [ null, null ]
info addNameTag [ 'jade', '^1.9.2' ]
verbose cache add [ 'moment@^2.10.2', null ]
silly cache add: name, spec, args [ undefined, 'moment@^2.10.2', [ 'moment@^2.10.2', null ] ]
verbose parsed url { pathname: 'moment@^2.10.2',
verbose parsed url   path: 'moment@^2.10.2',
verbose parsed url   href: 'moment@^2.10.2' }
silly cache add: name, spec, args [ 'moment', '^2.10.2', [ 'moment', '^2.10.2' ] ]
verbose parsed url { pathname: '^2.10.2', path: '^2.10.2', href: '^2.10.2' }
verbose addNamed [ 'moment', '^2.10.2' ]
verbose addNamed [ null, null ]
info addNameTag [ 'moment', '^2.10.2' ]
verbose cache add [ 'react@^0.13.1', null ]
silly cache add: name, spec, args [ undefined, 'react@^0.13.1', [ 'react@^0.13.1', null ] ]
verbose parsed url { pathname: 'react@^0.13.1',
verbose parsed url   path: 'react@^0.13.1',
verbose parsed url   href: 'react@^0.13.1' }
silly cache add: name, spec, args [ 'react', '^0.13.1', [ 'react', '^0.13.1' ] ]
verbose parsed url { pathname: '^0.13.1', path: '^0.13.1', href: '^0.13.1' }
verbose addNamed [ 'react', '^0.13.1' ]
verbose addNamed [ null, null ]
info addNameTag [ 'react', '^0.13.1' ]
verbose raw, before any munging babel
verbose url resolving [ 'https://registry.npmjs.org/', './babel' ]
verbose url resolved https://registry.npmjs.org/babel
http GET https://registry.npmjs.org/babel
verbose raw, before any munging body-parser
verbose url resolving [ 'https://registry.npmjs.org/', './body-parser' ]
verbose url resolved https://registry.npmjs.org/body-parser
http GET https://registry.npmjs.org/body-parser
verbose raw, before any munging cookie-parser
verbose url resolving [ 'https://registry.npmjs.org/', './cookie-parser' ]
verbose url resolved https://registry.npmjs.org/cookie-parser
http GET https://registry.npmjs.org/cookie-parser
verbose raw, before any munging express
verbose url resolving [ 'https://registry.npmjs.org/', './express' ]
verbose url resolved https://registry.npmjs.org/express
http GET https://registry.npmjs.org/express
verbose raw, before any munging express-session
verbose url resolving [ 'https://registry.npmjs.org/', './express-session' ]
verbose url resolved https://registry.npmjs.org/express-session
http GET https://registry.npmjs.org/express-session
verbose raw, before any munging iso
verbose url resolving [ 'https://registry.npmjs.org/', './iso' ]
verbose url resolved https://registry.npmjs.org/iso
http GET https://registry.npmjs.org/iso
verbose raw, before any munging jade
verbose url resolving [ 'https://registry.npmjs.org/', './jade' ]
verbose url resolved https://registry.npmjs.org/jade
http GET https://registry.npmjs.org/jade
verbose raw, before any munging moment
verbose url resolving [ 'https://registry.npmjs.org/', './moment' ]
verbose url resolved https://registry.npmjs.org/moment
http GET https://registry.npmjs.org/moment
verbose raw, before any munging react
verbose url resolving [ 'https://registry.npmjs.org/', './react' ]
verbose url resolved https://registry.npmjs.org/react
http GET https://registry.npmjs.org/react
verbose cache add [ 'react-router@^0.13.2', null ]
silly cache add: name, spec, args [ undefined,
silly cache add: name, spec, args   'react-router@^0.13.2',
silly cache add: name, spec, args   [ 'react-router@^0.13.2', null ] ]
verbose parsed url { pathname: 'react-router@^0.13.2',
verbose parsed url   path: 'react-router@^0.13.2',
verbose parsed url   href: 'react-router@^0.13.2' }
silly cache add: name, spec, args [ 'react-router', '^0.13.2', [ 'react-router', '^0.13.2' ] ]
verbose parsed url { pathname: '^0.13.2', path: '^0.13.2', href: '^0.13.2' }
verbose addNamed [ 'react-router', '^0.13.2' ]
verbose addNamed [ null, null ]
info addNameTag [ 'react-router', '^0.13.2' ]
verbose cache add [ 'superagent@^1.1.0', null ]
silly cache add: name, spec, args [ undefined, 'superagent@^1.1.0', [ 'superagent@^1.1.0', null ] ]
verbose parsed url { pathname: 'superagent@^1.1.0',
verbose parsed url   path: 'superagent@^1.1.0',
verbose parsed url   href: 'superagent@^1.1.0' }
silly cache add: name, spec, args [ 'superagent', '^1.1.0', [ 'superagent', '^1.1.0' ] ]
verbose parsed url { pathname: '^1.1.0', path: '^1.1.0', href: '^1.1.0' }
verbose addNamed [ 'superagent', '^1.1.0' ]
verbose addNamed [ null, null ]
info addNameTag [ 'superagent', '^1.1.0' ]
verbose cache add [ 'browserify@^9.0.3', null ]
silly cache add: name, spec, args [ undefined, 'browserify@^9.0.3', [ 'browserify@^9.0.3', null ] ]
verbose parsed url { pathname: 'browserify@^9.0.3',
verbose parsed url   path: 'browserify@^9.0.3',
verbose parsed url   href: 'browserify@^9.0.3' }
silly cache add: name, spec, args [ 'browserify', '^9.0.3', [ 'browserify', '^9.0.3' ] ]
verbose parsed url { pathname: '^9.0.3', path: '^9.0.3', href: '^9.0.3' }
verbose addNamed [ 'browserify', '^9.0.3' ]
verbose addNamed [ null, null ]
info addNameTag [ 'browserify', '^9.0.3' ]
verbose cache add [ 'gulp@^3.8.11', null ]
silly cache add: name, spec, args [ undefined, 'gulp@^3.8.11', [ 'gulp@^3.8.11', null ] ]
verbose parsed url { pathname: 'gulp@^3.8.11',
verbose parsed url   path: 'gulp@^3.8.11',
verbose parsed url   href: 'gulp@^3.8.11' }
silly cache add: name, spec, args [ 'gulp', '^3.8.11', [ 'gulp', '^3.8.11' ] ]
verbose parsed url { pathname: '^3.8.11', path: '^3.8.11', href: '^3.8.11' }
verbose addNamed [ 'gulp', '^3.8.11' ]
verbose addNamed [ null, null ]
info addNameTag [ 'gulp', '^3.8.11' ]
verbose cache add [ 'gulp-nodemon@^2.0.2', null ]
silly cache add: name, spec, args [ undefined,
silly cache add: name, spec, args   'gulp-nodemon@^2.0.2',
silly cache add: name, spec, args   [ 'gulp-nodemon@^2.0.2', null ] ]
verbose parsed url { pathname: 'gulp-nodemon@^2.0.2',
verbose parsed url   path: 'gulp-nodemon@^2.0.2',
verbose parsed url   href: 'gulp-nodemon@^2.0.2' }
silly cache add: name, spec, args [ 'gulp-nodemon', '^2.0.2', [ 'gulp-nodemon', '^2.0.2' ] ]
verbose parsed url { pathname: '^2.0.2', path: '^2.0.2', href: '^2.0.2' }
verbose addNamed [ 'gulp-nodemon', '^2.0.2' ]
verbose addNamed [ null, null ]
info addNameTag [ 'gulp-nodemon', '^2.0.2' ]
verbose cache add [ 'nodemon@^1.3.7', null ]
silly cache add: name, spec, args [ undefined, 'nodemon@^1.3.7', [ 'nodemon@^1.3.7', null ] ]
verbose parsed url { pathname: 'nodemon@^1.3.7',
verbose parsed url   path: 'nodemon@^1.3.7',
verbose parsed url   href: 'nodemon@^1.3.7' }
silly cache add: name, spec, args [ 'nodemon', '^1.3.7', [ 'nodemon', '^1.3.7' ] ]
verbose parsed url { pathname: '^1.3.7', path: '^1.3.7', href: '^1.3.7' }
verbose addNamed [ 'nodemon', '^1.3.7' ]
verbose addNamed [ null, null ]
info addNameTag [ 'nodemon', '^1.3.7' ]
verbose cache add [ 'reactify@^1.1.0', null ]
silly cache add: name, spec, args [ undefined, 'reactify@^1.1.0', [ 'reactify@^1.1.0', null ] ]
verbose parsed url { pathname: 'reactify@^1.1.0',
verbose parsed url   path: 'reactify@^1.1.0',
verbose parsed url   href: 'reactify@^1.1.0' }
silly cache add: name, spec, args [ 'reactify', '^1.1.0', [ 'reactify', '^1.1.0' ] ]
verbose parsed url { pathname: '^1.1.0', path: '^1.1.0', href: '^1.1.0' }
verbose addNamed [ 'reactify', '^1.1.0' ]
verbose addNamed [ null, null ]
info addNameTag [ 'reactify', '^1.1.0' ]
verbose cache add [ 'vinyl-buffer@^1.0.0', null ]
silly cache add: name, spec, args [ undefined,
silly cache add: name, spec, args   'vinyl-buffer@^1.0.0',
silly cache add: name, spec, args   [ 'vinyl-buffer@^1.0.0', null ] ]
verbose parsed url { pathname: 'vinyl-buffer@^1.0.0',
verbose parsed url   path: 'vinyl-buffer@^1.0.0',
verbose parsed url   href: 'vinyl-buffer@^1.0.0' }
silly cache add: name, spec, args [ 'vinyl-buffer', '^1.0.0', [ 'vinyl-buffer', '^1.0.0' ] ]
verbose parsed url { pathname: '^1.0.0', path: '^1.0.0', href: '^1.0.0' }
verbose addNamed [ 'vinyl-buffer', '^1.0.0' ]
verbose addNamed [ null, null ]
info addNameTag [ 'vinyl-buffer', '^1.0.0' ]
verbose cache add [ 'vinyl-source-stream@^1.1.0', null ]
silly cache add: name, spec, args [ undefined,
silly cache add: name, spec, args   'vinyl-source-stream@^1.1.0',
silly cache add: name, spec, args   [ 'vinyl-source-stream@^1.1.0', null ] ]
verbose parsed url { pathname: 'vinyl-source-stream@^1.1.0',
verbose parsed url   path: 'vinyl-source-stream@^1.1.0',
verbose parsed url   href: 'vinyl-source-stream@^1.1.0' }
silly cache add: name, spec, args [ 'vinyl-source-stream',
silly cache add: name, spec, args   '^1.1.0',
silly cache add: name, spec, args   [ 'vinyl-source-stream', '^1.1.0' ] ]
verbose parsed url { pathname: '^1.1.0', path: '^1.1.0', href: '^1.1.0' }
verbose addNamed [ 'vinyl-source-stream', '^1.1.0' ]
verbose addNamed [ null, null ]
info addNameTag [ 'vinyl-source-stream', '^1.1.0' ]
verbose raw, before any munging react-router
verbose url resolving [ 'https://registry.npmjs.org/', './react-router' ]
verbose url resolved https://registry.npmjs.org/react-router
http GET https://registry.npmjs.org/react-router
verbose raw, before any munging superagent
verbose url resolving [ 'https://registry.npmjs.org/', './superagent' ]
verbose url resolved https://registry.npmjs.org/superagent
http GET https://registry.npmjs.org/superagent
verbose raw, before any munging browserify
verbose url resolving [ 'https://registry.npmjs.org/', './browserify' ]
verbose url resolved https://registry.npmjs.org/browserify
http GET https://registry.npmjs.org/browserify
verbose raw, before any munging gulp
verbose url resolving [ 'https://registry.npmjs.org/', './gulp' ]
verbose url resolved https://registry.npmjs.org/gulp
http GET https://registry.npmjs.org/gulp
verbose raw, before any munging gulp-nodemon
verbose url resolving [ 'https://registry.npmjs.org/', './gulp-nodemon' ]
verbose url resolved https://registry.npmjs.org/gulp-nodemon
http GET https://registry.npmjs.org/gulp-nodemon
verbose raw, before any munging nodemon
verbose url resolving [ 'https://registry.npmjs.org/', './nodemon' ]
verbose url resolved https://registry.npmjs.org/nodemon
http GET https://registry.npmjs.org/nodemon
verbose raw, before any munging reactify
verbose url resolving [ 'https://registry.npmjs.org/', './reactify' ]
verbose url resolved https://registry.npmjs.org/reactify
http GET https://registry.npmjs.org/reactify
verbose raw, before any munging vinyl-buffer
verbose url resolving [ 'https://registry.npmjs.org/', './vinyl-buffer' ]
verbose url resolved https://registry.npmjs.org/vinyl-buffer
http GET https://registry.npmjs.org/vinyl-buffer
verbose raw, before any munging vinyl-source-stream
verbose url resolving [ 'https://registry.npmjs.org/', './vinyl-source-stream' ]
verbose url resolved https://registry.npmjs.org/vinyl-source-stream
http GET https://registry.npmjs.org/vinyl-source-stream
ERR! Error: failed to fetch from registry: body-parser
ERR!     at /usr/share/npm/lib/utils/npm-registry-client/get.js:139:12
ERR!     at cb (/usr/share/npm/lib/utils/npm-registry-client/request.js:31:9)
ERR!     at Request._callback (/usr/share/npm/lib/utils/npm-registry-client/request.js:136:18)
ERR!     at Request.callback (/usr/lib/nodejs/request/main.js:119:22)
ERR!     at Request.<anonymous> (/usr/lib/nodejs/request/main.js:212:58)
ERR!     at Request.emit (events.js:88:20)
ERR!     at ClientRequest.<anonymous> (/usr/lib/nodejs/request/main.js:412:12)
ERR!     at ClientRequest.emit (events.js:67:17)
ERR!     at HTTPParser.onIncoming (http.js:1261:11)
ERR!     at HTTPParser.onHeadersComplete (http.js:102:31)
ERR! You may report this log at:
ERR!     <http://bugs.debian.org/npm>
ERR! or use
ERR!     reportbug --attach /home/nikita/react-isomorphic-seed/npm-debug.log npm
ERR! 
ERR! System Linux 3.2.0-94-generic
ERR! command "node" "/usr/bin/npm" "install"
ERR! cwd /home/nikita/react-isomorphic-seed
ERR! node -v v0.6.12
ERR! npm -v 1.1.4
ERR! message failed to fetch from registry: body-parser
verbose exit [ 1, true ]
